<?xml version="1.0" encoding="UTF-8" ?>
<testsuite errors="0" failures="0" hostname="varis" name="sovelluslogiikka.SovellusTest" tests="3" time="0.047" timestamp="2013-01-07T11:49:45">
  <properties>
[...]
</properties>
  <testcase classname="sovelluslogiikka.SovellusTest" name="tarkastusOikeinKunPitaakinOlla" time="0.008" />
  <testcase classname="sovelluslogiikka.SovellusTest" name="tarkastusVaarinKunPitaakinOlla" time="0.001" />
  <testcase classname="sovelluslogiikka.SovellusTest" name="haeSanapariPalauttaaEnsimmaisenSanaparinEnsimmaisellaKerralla" time="0.001" />
  <system-out><![CDATA[]]></system-out>
  <system-err><![CDATA[]]></system-err>
</testsuite>
